"../../../Engine/Content/Functions/Engine_MaterialFunctions01/Opacity/CameraDepthFade.uasset" 0
"../../../Engine/Content/EngineMaterials/T_Default_Material_Grid_M.uasset" 1
"../../../Engine/Content/EngineMaterials/T_Default_Material_Grid_N.uasset" 2
"../../../Engine/Content/EngineMaterials/WorldGridMaterial.uasset" 3
"../../../Engine/Content/ArtTools/RenderToTexture/Meshes/S_1_Unit_Plane.uasset" 4
"../../../Engine/Content/EngineMaterials/DefaultMaterial.uasset" 5
"../../../Engine/Content/BasicShapes/Cone.uasset" 6
"../../../Engine/Content/BasicShapes/Cylinder.uasset" 7
"../../../Engine/Content/BasicShapes/Plane.uasset" 8
"../../../Engine/Content/BasicShapes/Sphere.uasset" 9
"../../../Engine/Content/EditorLandscapeResources/DataLayer.uasset" 10
"../../../Engine/Content/EditorMaterials/GizmoMaterial.uasset" 11
"../../../Engine/Content/EditorMaterials/MAT_Groups_Toggle.uasset" 12
"../../../Engine/Content/EditorMaterials/MAT_Groups_Visibility.uasset" 13
"../../../Engine/Content/EditorMaterials/PreviewShadowIndicator.uasset" 14
"../../../Engine/Content/EditorMaterials/PreviewShadowIndicatorMaterial.uasset" 15
"../../../Engine/Content/EditorMaterials/MatineeGroups/MAT_ColorTrack.uasset" 16
"../../../Engine/Content/EditorMaterials/MatineeGroups/MAT_Groups_Anim.uasset" 17
"../../../Engine/Content/EditorMaterials/MatineeGroups/MAT_Groups_AudioMaster.uasset" 18
"../../../Engine/Content/EditorMaterials/MatineeGroups/MAT_Groups_Director.uasset" 19
"../../../Engine/Content/EditorMaterials/MatineeGroups/MAT_Groups_Event.uasset" 20
"../../../Engine/Content/EditorMaterials/MatineeGroups/MAT_Groups_Fade.uasset" 21
"../../../Engine/Content/EditorMaterials/MatineeGroups/MAT_Groups_Float.uasset" 22
"../../../Engine/Content/EditorMaterials/MatineeGroups/MAT_Groups_Move.uasset" 23
"../../../Engine/Content/EditorMaterials/MatineeGroups/MAT_Groups_Slomo.uasset" 24
"../../../Engine/Content/EditorMaterials/MatineeGroups/MAT_Groups_Sound.uasset" 25
"../../../Engine/Content/EditorMaterials/MatineeGroups/MAT_Groups_Vector.uasset" 26
"../../../Engine/Content/EditorMaterials/ParticleSystems/PSysThumbnail_NoImage.uasset" 27
"../../../Engine/Content/EditorMaterials/ParticleSystems/PSysThumbnail_OOD.uasset" 28
"../../../Engine/Content/EditorMaterials/Camera/CineMat.uasset" 29
"../../../Engine/Content/EditorMaterials/Camera/MI_CineMat_Rig.uasset" 30
"../../../Engine/Content/EditorMeshes/Camera/SM_CraneRig_Arm.uasset" 31
"../../../Engine/Content/EditorMeshes/Camera/SM_CraneRig_Base.uasset" 32
"../../../Engine/Content/EditorMeshes/Camera/SM_CraneRig_Body.uasset" 33
"../../../Engine/Content/EditorMeshes/Camera/SM_CraneRig_Mount.uasset" 34
"../../../Engine/Content/EditorMeshes/Camera/SM_RailRig_Mount.uasset" 35
"../../../Engine/Content/EditorMeshes/Camera/SM_RailRig_Track.uasset" 36
"../../../Engine/Content/EditorResources/BSPVertex.uasset" 37
"../../../Engine/Content/EditorResources/S_Actor.uasset" 38
"../../../Engine/Content/EditorResources/S_Trigger.uasset" 39
"../../../Engine/Content/EditorResources/SequenceRecorder/Countdown.uasset" 40
"../../../Engine/Content/EditorResources/SequenceRecorder/RecordingIndicator.uasset" 41
"../../../Engine/Content/EditorSounds/Notifications/CompileFailed.uasset" 42
"../../../Engine/Content/EditorSounds/Notifications/CompileFailed_Cue.uasset" 43
"../../../Engine/Content/EditorSounds/Notifications/CompileSuccess.uasset" 44
"../../../Engine/Content/EditorSounds/Notifications/CompileStart_Cue.uasset" 45
"../../../Engine/Content/EditorSounds/Notifications/CompileSuccess_Cue.uasset" 46
"../../../Engine/Content/EngineDamageTypes/DmgTypeBP_Environmental.uasset" 47
"../../../Engine/Content/EngineDebugMaterials/HeatmapGradient.uasset" 48
"../../../Engine/Content/EngineDebugMaterials/BoneWeightMaterial.uasset" 49
"../../../Engine/Content/EngineDebugMaterials/ClothMaterial.uasset" 50
"../../../Engine/Content/EngineDebugMaterials/ClothMaterial_WF.uasset" 51
"../../../Engine/Content/EngineDebugMaterials/DebugEditorMaterial.uasset" 52
"../../../Engine/Content/EngineDebugMaterials/DebugMeshMaterial.uasset" 53
"../../../Engine/Content/EngineDebugMaterials/GeomMaterial.uasset" 54
"../../../Engine/Content/EngineDebugMaterials/M_SimpleTranslucent.uasset" 55
"../../../Engine/Content/EngineFonts/Faces/RobotoBold.uasset" 56
"../../../Engine/Content/EngineFonts/Faces/RobotoBoldItalic.uasset" 57
"../../../Engine/Content/EngineFonts/Faces/RobotoItalic.uasset" 58
"../../../Engine/Content/EngineFonts/Faces/RobotoLight.uasset" 59
"../../../Engine/Content/EngineFonts/Faces/RobotoRegular.uasset" 60
"../../../Engine/Content/EngineFonts/Roboto.uasset" 61
"../../../Engine/Content/EngineFonts/Faces/RobotoTiny.uasset" 62
"../../../Engine/Content/EngineFonts/RobotoTiny.uasset" 63
"../../../Engine/Content/EngineMaterials/BaseFlattenDiffuseMap.uasset" 64
"../../../Engine/Content/EngineMaterials/BaseFlattenEmissiveMap.uasset" 65
"../../../Engine/Content/EngineMaterials/BaseFlattenGrayscaleMap.uasset" 66
"../../../Engine/Content/EngineMaterials/BaseFlattenNormalMap.uasset" 67
"../../../Engine/Content/EngineMaterials/BaseFlattenMaterial.uasset" 68
"../../../Engine/Content/EngineMaterials/DefaultBloomKernel.uasset" 69
"../../../Engine/Content/EngineMaterials/DefaultBokeh.uasset" 70
"../../../Engine/Content/EngineMaterials/DefaultDiffuse.uasset" 71
"../../../Engine/Content/EngineMaterials/DefaultDeferredDecalMaterial.uasset" 72
"../../../Engine/Content/EngineMaterials/DefaultLightFunctionMaterial.uasset" 73
"../../../Engine/Content/Functions/Engine_MaterialFunctions02/Utility/BreakOutFloat2Components.uasset" 74
"../../../Engine/Content/EngineMaterials/DefaultPostProcessMaterial.uasset" 75
"../../../Engine/Content/EngineFonts/RobotoDistanceField.uasset" 76
"../../../Engine/Content/EngineMaterials/DefaultTextMaterialOpaque.uasset" 77
"../../../Engine/Content/EngineMaterials/DefaultWhiteGrid.uasset" 78
"../../../Engine/Content/EngineMaterials/EditorBrushMaterial.uasset" 79
"../../../Engine/Content/EngineMaterials/Good64x64TilingNoiseHighFreq.uasset" 80
"../../../Engine/Content/EngineMaterials/MiniFont.uasset" 81
"../../../Engine/Content/EngineMaterials/InvalidLightmapSettings.uasset" 82
"../../../Engine/Content/EngineMaterials/M_InvalidLightmapSettings.uasset" 83
"../../../Engine/Content/Functions/Engine_MaterialFunctions02/WorldPositionOffset/CameraOffset.uasset" 84
"../../../Engine/Content/EngineMaterials/PhAT_JointLimitMaterial.uasset" 85
"../../../Engine/Content/EngineMaterials/PreintegratedSkinBRDF.uasset" 86
"../../../Engine/Content/EngineMaterials/RemoveSurfaceMaterial.uasset" 87
"../../../Engine/Content/EngineMaterials/WeightMapPlaceholderTexture.uasset" 88
"../../../Engine/Content/EngineResources/WhiteSquareTexture.uasset" 89
"../../../Engine/Content/EngineMaterials/Widget3DPassThrough.uasset" 90
"../../../Engine/Content/EngineMaterials/Widget3DPassThrough_Masked.uasset" 91
"../../../Engine/Content/EngineMaterials/Widget3DPassThrough_Opaque.uasset" 92
"../../../Engine/Content/EngineMaterials/Widget3DPassThrough_Masked_OneSided.uasset" 93
"../../../Engine/Content/EngineMaterials/Widget3DPassThrough_Opaque_OneSided.uasset" 94
"../../../Engine/Content/EngineMaterials/Widget3DPassThrough_Translucent.uasset" 95
"../../../Engine/Content/EngineMaterials/Widget3DPassThrough_Translucent_OneSided.uasset" 96
"../../../Engine/Content/EngineMeshes/Cylinder.uasset" 97
"../../../Engine/Content/EngineMeshes/Sphere.uasset" 98
"../../../Engine/Content/EngineResources/Black.uasset" 99
"../../../Engine/Content/EngineResources/DefaultTexture.uasset" 100
"../../../Engine/Content/EngineResources/DefaultTextureCube.uasset" 101
"../../../Engine/Content/EngineResources/DefaultVolumeTexture2D.uasset" 102
"../../../Engine/Content/EngineResources/DefaultVolumeTexture.uasset" 103
"../../../Engine/Content/EngineResources/GradientTexture0.uasset" 104
"../../../Engine/Content/EngineSounds/Master.uasset" 105
"../../../Engine/Content/Functions/Engine_MaterialFunctions01/Shading/ConvertFromDiffSpec.uasset" 106
"../../../Engine/Content/Functions/Engine_MaterialFunctions01/Shading/PowerToRoughness.uasset" 107
"../../../Engine/Content/Maps/Templates/Thumbnails/Default.uasset" 108
"../../../Engine/Content/Maps/Templates/Thumbnails/VR-Basic.uasset" 109
"../../../Engine/Content/MobileResources/T_MobileControls_texture.uasset" 110
"../../../Engine/Content/MobileResources/T_MobileMenu2.uasset" 111
"../../../Engine/Content/MobileResources/HUD/AnalogHat.uasset" 112
"../../../Engine/Content/MobileResources/HUD/VirtualJoystick_Background.uasset" 113
"../../../Engine/Content/MobileResources/HUD/VirtualJoystick_Thumb.uasset" 114
"../../../Engine/Content/MobileResources/HUD/DefaultVirtualJoysticks.uasset" 115
"../../../Engine/Content/MobileResources/HUD/LeftVirtualJoystickOnly.uasset" 116
"../../../Engine/Content/MobileResources/HUD/MobileHUDButton1_off.uasset" 117
"../../../Engine/Content/MobileResources/HUD/MobileHUDButton1_on.uasset" 118
"../../../Engine/Content/MobileResources/HUD/MobileHUDButton2_off.uasset" 119
"../../../Engine/Content/MobileResources/HUD/MobileHUDButton2_on.uasset" 120
"../../../Engine/Content/MobileResources/HUD/MobileHUDButton3.uasset" 121
"../../../Engine/Content/MobileResources/HUD/MobileHUDButtonFire.uasset" 122
"../../../Engine/Content/MobileResources/HUD/MobileHUDDirectionPad.uasset" 123
"../../../Engine/Content/MobileResources/HUD/MobileHUDDirectionPad2.uasset" 124
"../../../Engine/Content/MobileResources/HUD/MobileHUDDirectionPad3.uasset" 125
"../../../Engine/Content/MobileResources/HUD/MobileHUDDirectionStick.uasset" 126
"../../../Engine/Content/MobileResources/HUD/T_Castle_ThumbstickInner.uasset" 127
"../../../Engine/Content/MobileResources/HUD/T_Castle_ThumbstickOutter.uasset" 128
"../../../Engine/Content/Tutorial/ContentIntroCurve.uasset" 129
"../../../Engine/Content/Tutorial/Basics/TutorialAssets/icon_tab_Levels_40x.uasset" 130
"../../../Engine/Content/Tutorial/BlueprintTutorials/TutorialAssets/Blueprint_64x.uasset" 131
"../../../Engine/Content/VREditor/LaserPointer/VR_LaserPower_01.uasset" 132
"../../../Engine/Content/VREditor/TransformGizmo/TransformGizmoMaterial.uasset" 133
"../../../Engine/Content/VREditor/TransformGizmo/TranslucentTransformGizmoMaterial.uasset" 134
"../../../Engine/Content/VREditor/TransformGizmo/BoundingBoxCorner.uasset" 135
"../../../Engine/Content/VREditor/TransformGizmo/BoundingBoxEdge.uasset" 136
"../../../Engine/Content/VREditor/TransformGizmo/PlaneTranslationHandle.uasset" 137
"../../../Engine/Content/VREditor/TransformGizmo/Main.uasset" 138
"../../../Engine/Content/VREditor/TransformGizmo/Xray.uasset" 139
"../../../Engine/Content/VREditor/TransformGizmo/SM_Sequencer_Key.uasset" 140
"../../../Engine/Content/VREditor/TransformGizmo/SM_Sequencer_Node.uasset" 141
"../../Plugins/2D/Paper2D/Content/PlaceholderTextures/DummySpriteTexture.uasset" 142
"../../Plugins/2D/Paper2D/Content/DummySprite.uasset" 143
"../../Plugins/2D/Paper2D/Content/DefaultPaperTerrainMaterial.uasset" 144
"../../Plugins/2D/Paper2D/Content/DefaultSpriteMaterial.uasset" 145
"../../Plugins/2D/Paper2D/Content/MaskedUnlitSpriteMaterial.uasset" 146
"../../Plugins/2D/Paper2D/Content/OpaqueUnlitSpriteMaterial.uasset" 147
"../../Plugins/Runtime/Oculus/OculusVR/Content/Materials/PokeAHoleMaterial.uasset" 148
"../../Plugins/Runtime/Oculus/OculusVR/Content/Textures/GearVRController_AO.uasset" 149
"../../Plugins/Runtime/Oculus/OculusVR/Content/Textures/GearVRController_Color.uasset" 150
"../../Plugins/Runtime/Oculus/OculusVR/Content/Textures/GearVRController_Normal.uasset" 151
"../../Plugins/Runtime/Oculus/OculusVR/Content/Materials/GearVRControllerMaterial.uasset" 152
"../../Plugins/Runtime/Oculus/OculusVR/Content/Meshes/GearVrController.uasset" 153
"../../Plugins/Runtime/Oculus/OculusVR/Content/Textures/touchController_albedo.uasset" 154
"../../Plugins/Runtime/Oculus/OculusVR/Content/Textures/touchController_controlmap.uasset" 155
"../../Plugins/Runtime/Oculus/OculusVR/Content/Materials/touchController_mat.uasset" 156
"../../Plugins/Runtime/Oculus/OculusVR/Content/Meshes/LeftTouchController.uasset" 157
"../../Plugins/Runtime/Oculus/OculusVR/Content/Meshes/RiftHMD.uasset" 158
"../../Plugins/Runtime/Oculus/OculusVR/Content/Meshes/RightTouchController.uasset" 159
"../../../Engine/Content/EditorBlueprintResources/ActorMacros.uasset" 160
"../../../Engine/Content/EditorBlueprintResources/StandardMacros.uasset" 161
"C:/Users/Alec/Desktop/UE4Stuff/GunBaseProject/PavlovVR-ModKit-master/Plugins/CustomMapTools/Content/Blueprints/BPFL_PavlovTemplate.uasset" 162
"C:/Users/Alec/Desktop/UE4Stuff/GunBaseProject/PavlovVR-ModKit-master/Plugins/CustomMapTools/Content/Blueprints/BPI_MatchRounds.uasset" 163
"C:/Users/Alec/Desktop/UE4Stuff/GunBaseProject/PavlovVR-ModKit-master/Plugins/CustomMapTools/Content/Examples/Proxies/BP_HandProxyExample.uasset" 164
"C:/Users/Alec/Desktop/UE4Stuff/GunBaseProject/PavlovVR-ModKit-master/Plugins/CustomMapTools/Content/Examples/Proxies/BP_PlayerProxyExample.uasset" 165
"C:/Users/Alec/Desktop/UE4Stuff/GunBaseProject/PavlovVR-ModKit-master/Plugins/CustomMapTools/Content/Examples/Items/Flashlight/SM_FlashlightPlaceholder.uasset" 166
"C:/Users/Alec/Desktop/UE4Stuff/GunBaseProject/PavlovVR-ModKit-master/Plugins/CustomMapTools/Content/Examples/Items/Flashlight/ModItem_Flashlight.uasset" 167
"C:/Users/Alec/Desktop/UE4Stuff/GunBaseProject/PavlovVR-ModKit-master/Plugins/CustomMapTools/Content/Examples/Items/FOB/S_FobInfo.uasset" 168
"C:/Users/Alec/Desktop/UE4Stuff/GunBaseProject/PavlovVR-ModKit-master/Plugins/CustomMapTools/Content/Examples/GL_Base.uasset" 169
"C:/Users/Alec/Desktop/UE4Stuff/GunBaseProject/PavlovVR-ModKit-master/Plugins/CustomMapTools/Content/Examples/Items/FOB/GL_FobExample.uasset" 170
"C:/Users/Alec/Desktop/UE4Stuff/GunBaseProject/PavlovVR-ModKit-master/Plugins/CustomMapTools/Content/Examples/Items/FOB/EQS_FOB.uasset" 171
"../../../Engine/Content/VREditor/BasicMeshes/T_CleanFloorGrunge_01_D.uasset" 172
"../../../Engine/Content/VREditor/BasicMeshes/M_Floor_01.uasset" 173
"../../../Engine/Content/VREditor/BasicMeshes/MI_Cube_01.uasset" 174
"../../../Engine/Content/VREditor/BasicMeshes/SM_Cube_01.uasset" 175
"C:/Users/Alec/Desktop/UE4Stuff/GunBaseProject/PavlovVR-ModKit-master/Plugins/CustomMapTools/Content/Examples/Items/FOB/ModItem_FOB.uasset" 176
"C:/Users/Alec/Desktop/UE4Stuff/GunBaseProject/PavlovVR-ModKit-master/Plugins/CustomMapTools/Content/Examples/Items/CustomItemTableExample.uasset" 177
"../../../Engine/Content/EngineMeshes/Humanoid.uasset" 178
"C:/Users/Alec/Desktop/UE4Stuff/GunBaseProject/PavlovVR-ModKit-master/Plugins/CustomMapTools/Content/Mannequin/Character/Mesh/UE4_Mannequin_Skeleton.uasset" 179
"C:/Users/Alec/Desktop/UE4Stuff/GunBaseProject/PavlovVR-ModKit-master/Plugins/CustomMapTools/Content/Mannequin/Character/Mesh/SK_Mannequin.uasset" 180
"C:/Users/Alec/Desktop/UE4Stuff/GunBaseProject/PavlovVR-ModKit-master/Plugins/CustomMapTools/Content/Examples/PlayerSkinTable.uasset" 181
"C:/Users/Alec/Desktop/UE4Stuff/GunBaseProject/PavlovVR-ModKit-master/Plugins/CustomMapTools/Content/Examples/Proxies/CMP_GlobalInfoExample.uasset" 182
"C:/Users/Alec/Desktop/UE4Stuff/GunBaseProject/PavlovVR-ModKit-master/Plugins/CustomMapTools/Content/Examples/Proxies/CMP_PlayerInfoExample.uasset" 183
"C:/Users/Alec/Desktop/UE4Stuff/GunBaseProject/PavlovVR-ModKit-master/Content/CustomMaps/UGC2323478315/Pavlov_GameLogic_Example.uasset" 184
"../../../Engine/Content/EngineSky/C_Sky_Cloud_Color.uasset" 185
"../../../Engine/Content/EngineSky/C_Sky_Horizon_Color.uasset" 186
"../../../Engine/Content/EngineSky/C_Sky_Zenith_Color.uasset" 187
"../../../Engine/Content/EngineSky/T_Sky_Blue.uasset" 188
"../../../Engine/Content/EngineSky/T_Sky_Clouds_M.uasset" 189
"../../../Engine/Content/EngineSky/T_Sky_Stars.uasset" 190
"../../../Engine/Content/EngineSky/M_Sky_Panning_Clouds2.uasset" 191
"../../../Engine/Content/EngineSky/SM_SkySphere.uasset" 192
"../../../Engine/Content/EngineSky/BP_Sky_Sphere.uasset" 193
"C:/Users/Alec/Desktop/UE4Stuff/GunBaseProject/PavlovVR-ModKit-master/Content/VRGunState.uasset" 194
"C:/Users/Alec/Desktop/UE4Stuff/GunBaseProject/PavlovVR-ModKit-master/Content/VRController.uasset" 195
"C:/Users/Alec/Desktop/UE4Stuff/GunBaseProject/PavlovVR-ModKit-master/Content/VRItemController.uasset" 196
"C:/Users/Alec/Desktop/UE4Stuff/GunBaseProject/PavlovVR-ModKit-master/Content/Guns/StructsEnums/InventoryOffsets.uasset" 197
"C:/Users/Alec/Desktop/UE4Stuff/GunBaseProject/PavlovVR-ModKit-master/Content/VRItem.uasset" 198
"C:/Users/Alec/Desktop/UE4Stuff/GunBaseProject/PavlovVR-ModKit-master/Content/VRMagazine.uasset" 199
"C:/Users/Alec/Desktop/UE4Stuff/GunBaseProject/PavlovVR-ModKit-master/Content/VRGun.uasset" 200
"C:/Users/Alec/Desktop/UE4Stuff/GunBaseProject/PavlovVR-ModKit-master/Content/CustomMaps/UGC2323478315/CustomGunBase/CustomGun/Tutorial/HaloAssaultRife_Skeleton.uasset" 201
"C:/Users/Alec/Desktop/UE4Stuff/GunBaseProject/PavlovVR-ModKit-master/Content/CustomMaps/UGC2323478315/CustomGunBase/CustomGun/Base/AnimBPs/PumpShotgun_AnimeBP.uasset" 202
"C:/Users/Alec/Desktop/UE4Stuff/GunBaseProject/PavlovVR-ModKit-master/Content/Hands/hand1_Skeleton1.uasset" 203
"C:/Users/Alec/Desktop/UE4Stuff/GunBaseProject/PavlovVR-ModKit-master/Content/Hands/hand1_Anim_SK_Hand_NT_ao_hand_wpn_ak47_hand_TwoHand.uasset" 204
"C:/Users/Alec/Desktop/UE4Stuff/GunBaseProject/PavlovVR-ModKit-master/Content/Hands/hand1_Anim_SK_Hand_NT_ao_hand_wpn_ak47_hand_Weapon.uasset" 205
"C:/Users/Alec/Desktop/UE4Stuff/GunBaseProject/PavlovVR-ModKit-master/Content/CustomMaps/UGC2323478315/CustomGunBase/consoleMaster.uasset" 206
"C:/Users/Alec/Desktop/UE4Stuff/GunBaseProject/PavlovVR-ModKit-master/Content/Guns/Shell.uasset" 207
"C:/Users/Alec/Desktop/UE4Stuff/GunBaseProject/PavlovVR-ModKit-master/Content/Guns/Shell_Base.uasset" 208
"C:/Users/Alec/Desktop/UE4Stuff/GunBaseProject/PavlovVR-ModKit-master/Content/Guns/AK/Shell_AK12.uasset" 209
"C:/Users/Alec/Desktop/UE4Stuff/GunBaseProject/PavlovVR-ModKit-master/Content/VRBullet.uasset" 210
"C:/Users/Alec/Desktop/UE4Stuff/GunBaseProject/PavlovVR-ModKit-master/Content/Bullet.uasset" 211
"C:/Users/Alec/Desktop/UE4Stuff/GunBaseProject/PavlovVR-ModKit-master/Content/Guns/Bullet_Base.uasset" 212
"C:/Users/Alec/Desktop/UE4Stuff/GunBaseProject/PavlovVR-ModKit-master/Content/Guns/Bullets/Bullet_7_62_39mm.uasset" 213
"C:/Users/Alec/Desktop/UE4Stuff/GunBaseProject/PavlovVR-ModKit-master/Content/Guns/StructsEnums/FGunAttachmentSetup.uasset" 214
"C:/Users/Alec/Desktop/UE4Stuff/GunBaseProject/PavlovVR-ModKit-master/Content/Guns/StructsEnums/FShotConcurrencyQuality.uasset" 215
"C:/Users/Alec/Desktop/UE4Stuff/GunBaseProject/PavlovVR-ModKit-master/Content/Guns/Gun.uasset" 216
"C:/Users/Alec/Desktop/UE4Stuff/GunBaseProject/PavlovVR-ModKit-master/Content/TwoHandGripComponent.uasset" 217
"C:/Users/Alec/Desktop/UE4Stuff/GunBaseProject/PavlovVR-ModKit-master/Content/VRMagazineSlotComponent.uasset" 218
"C:/Users/Alec/Desktop/UE4Stuff/GunBaseProject/PavlovVR-ModKit-master/Content/Guns/StructsEnums/EVRGunChamberState.uasset" 219
"C:/Users/Alec/Desktop/UE4Stuff/GunBaseProject/PavlovVR-ModKit-master/Content/Guns/Gun_Base.uasset" 220
"C:/Users/Alec/Desktop/UE4Stuff/GunBaseProject/PavlovVR-ModKit-master/Content/Guns/Shotgun/Auto/Gun_AutoShotgun.uasset" 221
"../../../Engine/Content/BasicShapes/BasicShapeMaterial.uasset" 222
"../../../Engine/Content/BasicShapes/Cube.uasset" 223
"C:/Users/Alec/Desktop/UE4Stuff/GunBaseProject/PavlovVR-ModKit-master/Content/CustomMaps/UGC2323478315/HaloAssaultRife/Meshes/HaloAssaultRife_Physics.uasset" 224
"C:/Users/Alec/Desktop/UE4Stuff/GunBaseProject/PavlovVR-ModKit-master/Content/CustomMaps/UGC2323478315/HaloAssaultRife/Meshes/HaloAssaultRife.uasset" 225
"C:/Users/Alec/Desktop/UE4Stuff/GunBaseProject/PavlovVR-ModKit-master/Content/CustomMaps/UGC2323478315/HaloAssaultRife/Meshes/HaloAssaultRifeMag.uasset" 226
"C:/Users/Alec/Desktop/UE4Stuff/GunBaseProject/PavlovVR-ModKit-master/Content/Hands/hand1.uasset" 227
"C:/Users/Alec/Desktop/UE4Stuff/GunBaseProject/PavlovVR-ModKit-master/Content/CustomMaps/UGC2323478315/CustomGunBase/CustomGun/Base/WIP/Gun_Base_PumpShotGun_Moded_new.uasset" 228
"C:/Users/Alec/Desktop/UE4Stuff/GunBaseProject/PavlovVR-ModKit-master/Content/Guns/Magazine.uasset" 229
"C:/Users/Alec/Desktop/UE4Stuff/GunBaseProject/PavlovVR-ModKit-master/Content/Guns/Magazine_Base.uasset" 230
"C:/Users/Alec/Desktop/UE4Stuff/GunBaseProject/PavlovVR-ModKit-master/Content/Guns/AK/Magazine_AK12.uasset" 231
"C:/Users/Alec/Desktop/UE4Stuff/GunBaseProject/PavlovVR-ModKit-master/Content/Guns/AK/Gun_AK12.uasset" 232
"C:/Users/Alec/Desktop/UE4Stuff/GunBaseProject/PavlovVR-ModKit-master/Content/CustomMaps/UGC2323478315/CustomGunBase/CustomGun/Base/Gun_Base_Rife_Moded.uasset" 233
"C:/Users/Alec/Desktop/UE4Stuff/GunBaseProject/PavlovVR-ModKit-master/Content/CustomMaps/UGC2323478315/CustomGunBase/CustomGun/Base/AnimBPs/Rifle_AnimBP.uasset" 234
"C:/Users/Alec/Desktop/UE4Stuff/GunBaseProject/PavlovVR-ModKit-master/Content/Guns/AK/Animation/2019/AK12/hand_wpn_ak12_hand_Weapon.uasset" 235
"C:/Users/Alec/Desktop/UE4Stuff/GunBaseProject/PavlovVR-ModKit-master/Content/CustomMaps/UGC2323478315/CustomGunBase/CustomGun/Base/Bullet_BaseModded.uasset" 236
"C:/Users/Alec/Desktop/UE4Stuff/GunBaseProject/PavlovVR-ModKit-master/Content/CustomMaps/UGC2323478315/CustomGunBase/CustomGun/Tutorial/Bullets/Bullet_HaloRifle.uasset" 237
"C:/Users/Alec/Desktop/UE4Stuff/GunBaseProject/PavlovVR-ModKit-master/Content/CustomMaps/UGC2323478315/CustomGunBase/CustomGun/Base/Magazine_BaseModded.uasset" 238
"C:/Users/Alec/Desktop/UE4Stuff/GunBaseProject/PavlovVR-ModKit-master/Content/CustomMaps/UGC2323478315/CustomGunBase/CustomGun/Tutorial/Magazine_HaloRifle.uasset" 239
"C:/Users/Alec/Desktop/UE4Stuff/GunBaseProject/PavlovVR-ModKit-master/Content/CustomMaps/UGC2323478315/CustomGunBase/CustomGun/Tutorial/Guns/Gun_HaloRifle.uasset" 240
"C:/Users/Alec/Desktop/UE4Stuff/GunBaseProject/PavlovVR-ModKit-master/Content/CustomMaps/UGC2323478315/CustomGunBase/CMP_GlobalInfoTest.uasset" 241
"C:/Users/Alec/Desktop/UE4Stuff/GunBaseProject/PavlovVR-ModKit-master/Content/Guns/Kar98/Gun_Kar98.uasset" 242
"C:/Users/Alec/Desktop/UE4Stuff/GunBaseProject/PavlovVR-ModKit-master/Content/CustomMaps/UGC2323478315/CustomGunBase/CustomGun/Base/Gun_Base_BoltAction_Moded.uasset" 243
"C:/Users/Alec/Desktop/UE4Stuff/GunBaseProject/PavlovVR-ModKit-master/Content/CustomMaps/UGC2323478315/CustomGunBase/CustomGun/Base/AnimBPs/BoltAction_AnimBP.uasset" 244
"C:/Users/Alec/Desktop/UE4Stuff/GunBaseProject/PavlovVR-ModKit-master/Content/CustomMaps/UGC2323478315/CustomGunBase/CustomGun/Tutorial/Guns/Gun_HaloBoltAction.uasset" 245
"C:/Users/Alec/Desktop/UE4Stuff/GunBaseProject/PavlovVR-ModKit-master/Content/CustomMaps/UGC2323478315/CustomGunBase/ItemSpawner.uasset" 246
"C:/Users/Alec/Desktop/UE4Stuff/GunBaseProject/PavlovVR-ModKit-master/Content/CustomMaps/UGC2323478315/CustomGunBase/ItemSpawner1.uasset" 247
"C:/Users/Alec/Desktop/UE4Stuff/GunBaseProject/PavlovVR-ModKit-master/Content/CustomMaps/UGC2323478315/CustomGunBase/ModExampleMap_BuiltData.uasset" 248
"../../../Engine/Content/EngineMaterials/DefaultPhysicalMaterial.uasset" 249
"C:/Users/Alec/Desktop/UE4Stuff/GunBaseProject/PavlovVR-ModKit-master/Content/CustomMaps/UGC2323478315/definition.uasset" 250
"C:/Users/Alec/Desktop/UE4Stuff/GunBaseProject/PavlovVR-ModKit-master/Content/CustomMaps/UGC2323478315/CustomGunBase/ModExampleMap.umap" 251
"../../../Engine/Content/Maps/Entry_BuiltData.uasset" 252
"../../../Engine/Content/Maps/Entry.umap" 253
