"../../../Engine/Content/Functions/Engine_MaterialFunctions01/Opacity/CameraDepthFade.uasset" 0
"../../../Engine/Content/EngineMaterials/T_Default_Material_Grid_M.uasset" 1
"../../../Engine/Content/EngineMaterials/T_Default_Material_Grid_N.uasset" 2
"../../../Engine/Content/EngineMaterials/WorldGridMaterial.uasset" 3
"../../../Engine/Content/ArtTools/RenderToTexture/Meshes/S_1_Unit_Plane.uasset" 4
"../../../Engine/Content/EngineMaterials/DefaultMaterial.uasset" 5
"../../../Engine/Content/BasicShapes/Cone.uasset" 6
"../../../Engine/Content/BasicShapes/Cylinder.uasset" 7
"../../../Engine/Content/BasicShapes/Plane.uasset" 8
"../../../Engine/Content/BasicShapes/Sphere.uasset" 9
"../../../Engine/Content/EditorLandscapeResources/DataLayer.uasset" 10
"../../../Engine/Content/EditorMaterials/GizmoMaterial.uasset" 11
"../../../Engine/Content/EditorMaterials/MAT_Groups_Toggle.uasset" 12
"../../../Engine/Content/EditorMaterials/MAT_Groups_Visibility.uasset" 13
"../../../Engine/Content/EditorMaterials/PreviewShadowIndicator.uasset" 14
"../../../Engine/Content/EditorMaterials/PreviewShadowIndicatorMaterial.uasset" 15
"../../../Engine/Content/EditorMaterials/MatineeGroups/MAT_ColorTrack.uasset" 16
"../../../Engine/Content/EditorMaterials/MatineeGroups/MAT_Groups_Anim.uasset" 17
"../../../Engine/Content/EditorMaterials/MatineeGroups/MAT_Groups_AudioMaster.uasset" 18
"../../../Engine/Content/EditorMaterials/MatineeGroups/MAT_Groups_Director.uasset" 19
"../../../Engine/Content/EditorMaterials/MatineeGroups/MAT_Groups_Event.uasset" 20
"../../../Engine/Content/EditorMaterials/MatineeGroups/MAT_Groups_Fade.uasset" 21
"../../../Engine/Content/EditorMaterials/MatineeGroups/MAT_Groups_Float.uasset" 22
"../../../Engine/Content/EditorMaterials/MatineeGroups/MAT_Groups_Move.uasset" 23
"../../../Engine/Content/EditorMaterials/MatineeGroups/MAT_Groups_Slomo.uasset" 24
"../../../Engine/Content/EditorMaterials/MatineeGroups/MAT_Groups_Sound.uasset" 25
"../../../Engine/Content/EditorMaterials/MatineeGroups/MAT_Groups_Vector.uasset" 26
"../../../Engine/Content/EditorMaterials/ParticleSystems/PSysThumbnail_NoImage.uasset" 27
"../../../Engine/Content/EditorMaterials/ParticleSystems/PSysThumbnail_OOD.uasset" 28
"../../../Engine/Content/EditorMaterials/Camera/CineMat.uasset" 29
"../../../Engine/Content/EditorMaterials/Camera/MI_CineMat_Rig.uasset" 30
"../../../Engine/Content/EditorMeshes/Camera/SM_CraneRig_Arm.uasset" 31
"../../../Engine/Content/EditorMeshes/Camera/SM_CraneRig_Base.uasset" 32
"../../../Engine/Content/EditorMeshes/Camera/SM_CraneRig_Body.uasset" 33
"../../../Engine/Content/EditorMeshes/Camera/SM_CraneRig_Mount.uasset" 34
"../../../Engine/Content/EditorMeshes/Camera/SM_RailRig_Mount.uasset" 35
"../../../Engine/Content/EditorMeshes/Camera/SM_RailRig_Track.uasset" 36
"../../../Engine/Content/EditorResources/BSPVertex.uasset" 37
"../../../Engine/Content/EditorResources/EmptyActor.uasset" 38
"../../../Engine/Content/EditorResources/S_Actor.uasset" 39
"../../../Engine/Content/EditorResources/S_Trigger.uasset" 40
"../../../Engine/Content/EditorResources/SequenceRecorder/Countdown.uasset" 41
"../../../Engine/Content/EditorResources/SequenceRecorder/RecordingIndicator.uasset" 42
"../../../Engine/Content/EditorSounds/Notifications/CompileFailed.uasset" 43
"../../../Engine/Content/EditorSounds/Notifications/CompileFailed_Cue.uasset" 44
"../../../Engine/Content/EditorSounds/Notifications/CompileSuccess.uasset" 45
"../../../Engine/Content/EditorSounds/Notifications/CompileStart_Cue.uasset" 46
"../../../Engine/Content/EditorSounds/Notifications/CompileSuccess_Cue.uasset" 47
"../../../Engine/Content/EngineDamageTypes/DmgTypeBP_Environmental.uasset" 48
"../../../Engine/Content/EngineDebugMaterials/HeatmapGradient.uasset" 49
"../../../Engine/Content/EngineDebugMaterials/BoneWeightMaterial.uasset" 50
"../../../Engine/Content/EngineDebugMaterials/ClothMaterial.uasset" 51
"../../../Engine/Content/EngineDebugMaterials/ClothMaterial_WF.uasset" 52
"../../../Engine/Content/EngineDebugMaterials/DebugEditorMaterial.uasset" 53
"../../../Engine/Content/EngineDebugMaterials/DebugMeshMaterial.uasset" 54
"../../../Engine/Content/EngineDebugMaterials/GeomMaterial.uasset" 55
"../../../Engine/Content/EngineDebugMaterials/M_SimpleTranslucent.uasset" 56
"../../../Engine/Content/EngineFonts/Faces/RobotoBold.uasset" 57
"../../../Engine/Content/EngineFonts/Faces/RobotoBoldItalic.uasset" 58
"../../../Engine/Content/EngineFonts/Faces/RobotoItalic.uasset" 59
"../../../Engine/Content/EngineFonts/Faces/RobotoLight.uasset" 60
"../../../Engine/Content/EngineFonts/Faces/RobotoRegular.uasset" 61
"../../../Engine/Content/EngineFonts/Faces/RobotoTiny.uasset" 62
"../../../Engine/Content/EngineMaterials/BaseFlattenDiffuseMap.uasset" 63
"../../../Engine/Content/EngineMaterials/BaseFlattenEmissiveMap.uasset" 64
"../../../Engine/Content/EngineMaterials/BaseFlattenGrayscaleMap.uasset" 65
"../../../Engine/Content/EngineMaterials/BaseFlattenNormalMap.uasset" 66
"../../../Engine/Content/EngineMaterials/BaseFlattenMaterial.uasset" 67
"../../../Engine/Content/EngineMaterials/DefaultBloomKernel.uasset" 68
"../../../Engine/Content/EngineMaterials/DefaultBokeh.uasset" 69
"../../../Engine/Content/EngineMaterials/DefaultDiffuse.uasset" 70
"../../../Engine/Content/EngineMaterials/DefaultDeferredDecalMaterial.uasset" 71
"../../../Engine/Content/EngineMaterials/DefaultLightFunctionMaterial.uasset" 72
"../../../Engine/Content/Functions/Engine_MaterialFunctions02/Utility/BreakOutFloat2Components.uasset" 73
"../../../Engine/Content/EngineMaterials/DefaultPostProcessMaterial.uasset" 74
"../../../Engine/Content/EngineMaterials/DefaultTextMaterialOpaque.uasset" 75
"../../../Engine/Content/EngineMaterials/DefaultWhiteGrid.uasset" 76
"../../../Engine/Content/EngineMaterials/EditorBrushMaterial.uasset" 77
"../../../Engine/Content/EngineMaterials/Good64x64TilingNoiseHighFreq.uasset" 78
"../../../Engine/Content/EngineMaterials/MiniFont.uasset" 79
"../../../Engine/Content/EngineMaterials/InvalidLightmapSettings.uasset" 80
"../../../Engine/Content/EngineMaterials/M_InvalidLightmapSettings.uasset" 81
"../../../Engine/Content/Functions/Engine_MaterialFunctions02/WorldPositionOffset/CameraOffset.uasset" 82
"../../../Engine/Content/EngineMaterials/PhAT_JointLimitMaterial.uasset" 83
"../../../Engine/Content/EngineMaterials/PreintegratedSkinBRDF.uasset" 84
"../../../Engine/Content/EngineMaterials/RemoveSurfaceMaterial.uasset" 85
"../../../Engine/Content/EngineMaterials/WeightMapPlaceholderTexture.uasset" 86
"../../../Engine/Content/EngineResources/WhiteSquareTexture.uasset" 87
"../../../Engine/Content/EngineMaterials/Widget3DPassThrough.uasset" 88
"../../../Engine/Content/EngineMaterials/Widget3DPassThrough_Masked.uasset" 89
"../../../Engine/Content/EngineMaterials/Widget3DPassThrough_Opaque.uasset" 90
"../../../Engine/Content/EngineMaterials/Widget3DPassThrough_Masked_OneSided.uasset" 91
"../../../Engine/Content/EngineMaterials/Widget3DPassThrough_Opaque_OneSided.uasset" 92
"../../../Engine/Content/EngineMaterials/Widget3DPassThrough_Translucent.uasset" 93
"../../../Engine/Content/EngineMaterials/Widget3DPassThrough_Translucent_OneSided.uasset" 94
"../../../Engine/Content/EngineMeshes/Cylinder.uasset" 95
"../../../Engine/Content/EngineMeshes/Sphere.uasset" 96
"../../../Engine/Content/EngineResources/Black.uasset" 97
"../../../Engine/Content/EngineResources/DefaultTexture.uasset" 98
"../../../Engine/Content/EngineResources/DefaultTextureCube.uasset" 99
"../../../Engine/Content/EngineResources/DefaultVolumeTexture2D.uasset" 100
"../../../Engine/Content/EngineResources/DefaultVolumeTexture.uasset" 101
"../../../Engine/Content/EngineResources/GradientTexture0.uasset" 102
"../../../Engine/Content/EngineSounds/Master.uasset" 103
"../../../Engine/Content/Functions/Engine_MaterialFunctions01/Shading/ConvertFromDiffSpec.uasset" 104
"../../../Engine/Content/Functions/Engine_MaterialFunctions01/Shading/PowerToRoughness.uasset" 105
"../../../Engine/Content/Maps/Templates/Thumbnails/Default.uasset" 106
"../../../Engine/Content/Maps/Templates/Thumbnails/VR-Basic.uasset" 107
"../../../Engine/Content/MobileResources/T_MobileControls_texture.uasset" 108
"../../../Engine/Content/MobileResources/T_MobileMenu2.uasset" 109
"../../../Engine/Content/MobileResources/HUD/AnalogHat.uasset" 110
"../../../Engine/Content/MobileResources/HUD/VirtualJoystick_Background.uasset" 111
"../../../Engine/Content/MobileResources/HUD/VirtualJoystick_Thumb.uasset" 112
"../../../Engine/Content/MobileResources/HUD/DefaultVirtualJoysticks.uasset" 113
"../../../Engine/Content/MobileResources/HUD/LeftVirtualJoystickOnly.uasset" 114
"../../../Engine/Content/MobileResources/HUD/MobileHUDButton1_off.uasset" 115
"../../../Engine/Content/MobileResources/HUD/MobileHUDButton1_on.uasset" 116
"../../../Engine/Content/MobileResources/HUD/MobileHUDButton2_off.uasset" 117
"../../../Engine/Content/MobileResources/HUD/MobileHUDButton2_on.uasset" 118
"../../../Engine/Content/MobileResources/HUD/MobileHUDButton3.uasset" 119
"../../../Engine/Content/MobileResources/HUD/MobileHUDButtonFire.uasset" 120
"../../../Engine/Content/MobileResources/HUD/MobileHUDDirectionPad.uasset" 121
"../../../Engine/Content/MobileResources/HUD/MobileHUDDirectionPad2.uasset" 122
"../../../Engine/Content/MobileResources/HUD/MobileHUDDirectionPad3.uasset" 123
"../../../Engine/Content/MobileResources/HUD/MobileHUDDirectionStick.uasset" 124
"../../../Engine/Content/MobileResources/HUD/T_Castle_ThumbstickInner.uasset" 125
"../../../Engine/Content/MobileResources/HUD/T_Castle_ThumbstickOutter.uasset" 126
"../../../Engine/Content/Tutorial/ContentIntroCurve.uasset" 127
"../../../Engine/Content/Tutorial/Basics/TutorialAssets/icon_tab_Levels_40x.uasset" 128
"../../../Engine/Content/VREditor/LaserPointer/VR_LaserPower_01.uasset" 129
"../../../Engine/Content/VREditor/TransformGizmo/TransformGizmoMaterial.uasset" 130
"../../../Engine/Content/VREditor/TransformGizmo/TranslucentTransformGizmoMaterial.uasset" 131
"../../../Engine/Content/VREditor/TransformGizmo/BoundingBoxCorner.uasset" 132
"../../../Engine/Content/VREditor/TransformGizmo/BoundingBoxEdge.uasset" 133
"../../../Engine/Content/VREditor/TransformGizmo/PlaneTranslationHandle.uasset" 134
"../../../Engine/Content/VREditor/TransformGizmo/Main.uasset" 135
"../../../Engine/Content/VREditor/TransformGizmo/Xray.uasset" 136
"../../../Engine/Content/VREditor/TransformGizmo/SM_Sequencer_Key.uasset" 137
"../../../Engine/Content/VREditor/TransformGizmo/SM_Sequencer_Node.uasset" 138
"../../Plugins/2D/Paper2D/Content/PlaceholderTextures/DummySpriteTexture.uasset" 139
"../../Plugins/2D/Paper2D/Content/DummySprite.uasset" 140
"../../Plugins/2D/Paper2D/Content/DefaultPaperTerrainMaterial.uasset" 141
"../../Plugins/2D/Paper2D/Content/DefaultSpriteMaterial.uasset" 142
"../../Plugins/2D/Paper2D/Content/MaskedUnlitSpriteMaterial.uasset" 143
"../../Plugins/2D/Paper2D/Content/OpaqueUnlitSpriteMaterial.uasset" 144
"../../Plugins/Runtime/Oculus/OculusVR/Content/Materials/PokeAHoleMaterial.uasset" 145
"../../Plugins/Runtime/Oculus/OculusVR/Content/Textures/GearVRController_AO.uasset" 146
"../../Plugins/Runtime/Oculus/OculusVR/Content/Textures/GearVRController_Color.uasset" 147
"../../Plugins/Runtime/Oculus/OculusVR/Content/Textures/GearVRController_Normal.uasset" 148
"../../Plugins/Runtime/Oculus/OculusVR/Content/Materials/GearVRControllerMaterial.uasset" 149
"../../Plugins/Runtime/Oculus/OculusVR/Content/Meshes/GearVrController.uasset" 150
"../../Plugins/Runtime/Oculus/OculusVR/Content/Textures/touchController_albedo.uasset" 151
"../../Plugins/Runtime/Oculus/OculusVR/Content/Textures/touchController_controlmap.uasset" 152
"../../Plugins/Runtime/Oculus/OculusVR/Content/Materials/touchController_mat.uasset" 153
"../../Plugins/Runtime/Oculus/OculusVR/Content/Meshes/LeftTouchController.uasset" 154
"../../Plugins/Runtime/Oculus/OculusVR/Content/Meshes/RiftHMD.uasset" 155
"../../Plugins/Runtime/Oculus/OculusVR/Content/Meshes/RightTouchController.uasset" 156
"../../../Engine/Content/EditorBlueprintResources/ActorMacros.uasset" 157
"../../../Engine/Content/EditorBlueprintResources/StandardMacros.uasset" 158
"../../../../../../Users/Ryguy/Desktop/PavlovProjects/CustomGuns/Plugins/CustomMapTools/Content/Materials/Shack/M_Shack_Rough_Simple.uasset" 159
"../../../../../../Users/Ryguy/Desktop/PavlovProjects/CustomGuns/Content/CustomMaps/SVR_Ryguy_HaloWeapons/1911/1911_Albedo.uasset" 160
"../../../../../../Users/Ryguy/Desktop/PavlovProjects/CustomGuns/Content/CustomMaps/SVR_Ryguy_HaloWeapons/1911/1911shack.uasset" 161
"../../../../../../Users/Ryguy/Desktop/PavlovProjects/CustomGuns/Content/CustomMaps/SVR_Ryguy_HaloWeapons/1911/1911_PhysicsAsset.uasset" 162
"../../../../../../Users/Ryguy/Desktop/PavlovProjects/CustomGuns/Content/CustomMaps/SVR_Ryguy_HaloWeapons/1911/1911_Skeleton.uasset" 163
"../../../../../../Users/Ryguy/Desktop/PavlovProjects/CustomGuns/Content/CustomMaps/SVR_Ryguy_HaloWeapons/1911/1911.uasset" 164
"../../../../../../Users/Ryguy/Desktop/PavlovProjects/CustomGuns/Content/CustomMaps/SVR_Ryguy_HaloWeapons/1911/O1911SPAWNER.uasset" 165
"../../../../../../Users/Ryguy/Desktop/PavlovProjects/CustomGuns/Content/VRGunState.uasset" 166
"../../../../../../Users/Ryguy/Desktop/PavlovProjects/CustomGuns/Content/VRController.uasset" 167
"../../../../../../Users/Ryguy/Desktop/PavlovProjects/CustomGuns/Content/VRItemController.uasset" 168
"../../../../../../Users/Ryguy/Desktop/PavlovProjects/CustomGuns/Content/Guns/StructsEnums/InventoryOffsets.uasset" 169
"../../../../../../Users/Ryguy/Desktop/PavlovProjects/CustomGuns/Content/VRItem.uasset" 170
"../../../../../../Users/Ryguy/Desktop/PavlovProjects/CustomGuns/Content/VRMagazine.uasset" 171
"../../../../../../Users/Ryguy/Desktop/PavlovProjects/CustomGuns/Content/VRGun.uasset" 172
"../../../../../../Users/Ryguy/Desktop/PavlovProjects/CustomGuns/Content/Guns/StructsEnums/FGunAttachmentSetup.uasset" 173
"../../../../../../Users/Ryguy/Desktop/PavlovProjects/CustomGuns/Content/Guns/StructsEnums/FShotConcurrencyQuality.uasset" 174
"../../../../../../Users/Ryguy/Desktop/PavlovProjects/CustomGuns/Content/Guns/Gun.uasset" 175
"../../../../../../Users/Ryguy/Desktop/PavlovProjects/CustomGuns/Content/TwoHandGripComponent.uasset" 176
"../../../../../../Users/Ryguy/Desktop/PavlovProjects/CustomGuns/Content/VRMagazineSlotComponent.uasset" 177
"../../../../../../Users/Ryguy/Desktop/PavlovProjects/CustomGuns/Content/Guns/StructsEnums/EVRGunChamberState.uasset" 178
"../../../../../../Users/Ryguy/Desktop/PavlovProjects/CustomGuns/Content/Guns/Gun_Base.uasset" 179
"../../../../../../Users/Ryguy/Desktop/PavlovProjects/CustomGuns/Content/CustomMaps/SVR_Ryguy_HaloWeapons/BR73/br73_Skeleton.uasset" 180
"../../../../../../Users/Ryguy/Desktop/PavlovProjects/CustomGuns/Content/CustomMaps/SVR_Ryguy_HaloWeapons/BR73/br73anim.uasset" 181
"../../../../../../Users/Ryguy/Desktop/PavlovProjects/CustomGuns/Content/CustomMaps/SVR_Ryguy_HaloWeapons/BR73/Back_albedo.uasset" 182
"../../../../../../Users/Ryguy/Desktop/PavlovProjects/CustomGuns/Content/CustomMaps/SVR_Ryguy_HaloWeapons/BR73/backShack.uasset" 183
"../../../../../../Users/Ryguy/Desktop/PavlovProjects/CustomGuns/Content/CustomMaps/SVR_Ryguy_HaloWeapons/BR73/Barrel_albedo.uasset" 184
"../../../../../../Users/Ryguy/Desktop/PavlovProjects/CustomGuns/Content/CustomMaps/SVR_Ryguy_HaloWeapons/BR73/BarrelShack.uasset" 185
"../../../../../../Users/Ryguy/Desktop/PavlovProjects/CustomGuns/Content/CustomMaps/SVR_Ryguy_HaloWeapons/BR73/CarryHandle_albedo.uasset" 186
"../../../../../../Users/Ryguy/Desktop/PavlovProjects/CustomGuns/Content/CustomMaps/SVR_Ryguy_HaloWeapons/BR73/carryShack.uasset" 187
"../../../../../../Users/Ryguy/Desktop/PavlovProjects/CustomGuns/Content/CustomMaps/SVR_Ryguy_HaloWeapons/BR73/Front_albedo.uasset" 188
"../../../../../../Users/Ryguy/Desktop/PavlovProjects/CustomGuns/Content/CustomMaps/SVR_Ryguy_HaloWeapons/BR73/frontShack.uasset" 189
"../../../../../../Users/Ryguy/Desktop/PavlovProjects/CustomGuns/Content/CustomMaps/SVR_Ryguy_HaloWeapons/BR73/BR55_ScopeLens_albedo.uasset" 190
"../../../../../../Users/Ryguy/Desktop/PavlovProjects/CustomGuns/Content/CustomMaps/SVR_Ryguy_HaloWeapons/BR73/lensShack.uasset" 191
"../../../../../../Users/Ryguy/Desktop/PavlovProjects/CustomGuns/Content/CustomMaps/SVR_Ryguy_HaloWeapons/BR73/BR55_Scope_albedo.uasset" 192
"../../../../../../Users/Ryguy/Desktop/PavlovProjects/CustomGuns/Content/CustomMaps/SVR_Ryguy_HaloWeapons/BR73/ScopeShack.uasset" 193
"../../../../../../Users/Ryguy/Desktop/PavlovProjects/CustomGuns/Content/CustomMaps/SVR_Ryguy_HaloWeapons/BR73/br73_PhysicsAsset.uasset" 194
"../../../../../../Users/Ryguy/Desktop/PavlovProjects/CustomGuns/Content/CustomMaps/SVR_Ryguy_HaloWeapons/BR73/br73.uasset" 195
"../../../../../../Users/Ryguy/Desktop/PavlovProjects/CustomGuns/Content/CustomMaps/SVR_Ryguy_HaloWeapons/BR73/br73spawner.uasset" 196
"../../../../../../Users/Ryguy/Desktop/PavlovProjects/CustomGuns/Content/CustomMaps/SVR_Ryguy_HaloWeapons/1911/1911anim.uasset" 197
"../../../../../../Users/Ryguy/Desktop/PavlovProjects/CustomGuns/Content/Hands/hand1_Skeleton1.uasset" 198
"../../../../../../Users/Ryguy/Desktop/PavlovProjects/CustomGuns/Content/Hands/hand1_Anim_SK_Hand_NT_ao_hand_wpn_1911_hand_TwoHand.uasset" 199
"../../../../../../Users/Ryguy/Desktop/PavlovProjects/CustomGuns/Content/Hands/hand1_Anim_SK_Hand_NT_ao_hand_wpn_1911_hand_Weapon.uasset" 200
"../../../../../../Users/Ryguy/Desktop/PavlovProjects/CustomGuns/Content/VRBullet.uasset" 201
"../../../../../../Users/Ryguy/Desktop/PavlovProjects/CustomGuns/Content/Bullet.uasset" 202
"../../../../../../Users/Ryguy/Desktop/PavlovProjects/CustomGuns/Content/Guns/Bullet_Base.uasset" 203
"../../../../../../Users/Ryguy/Desktop/PavlovProjects/CustomGuns/Content/CustomMaps/SVR_Ryguy_HaloWeapons/MA40/Bullet_7_62_39mm.uasset" 204
"../../../../../../Users/Ryguy/Desktop/PavlovProjects/CustomGuns/Content/CustomMaps/SVR_Ryguy_HaloWeapons/CustomGun/Base/Bullet_BaseModded.uasset" 205
"../../../../../../Users/Ryguy/Desktop/PavlovProjects/CustomGuns/Content/CustomMaps/SVR_Ryguy_HaloWeapons/1911/Bullet_o1911.uasset" 206
"../../../../../../Users/Ryguy/Desktop/PavlovProjects/CustomGuns/Content/Guns/Magazine.uasset" 207
"../../../../../../Users/Ryguy/Desktop/PavlovProjects/CustomGuns/Content/Guns/Magazine_Base.uasset" 208
"../../../../../../Users/Ryguy/Desktop/PavlovProjects/CustomGuns/Content/Guns/AK/Magazine_AK12.uasset" 209
"../../../../../../Users/Ryguy/Desktop/PavlovProjects/CustomGuns/Content/CustomMaps/SVR_Ryguy_HaloWeapons/CustomGun/Base/Magazine_BaseModded.uasset" 210
"../../../../../../Users/Ryguy/Desktop/PavlovProjects/CustomGuns/Content/CustomMaps/SVR_Ryguy_HaloWeapons/1911/1911mag.uasset" 211
"../../../../../../Users/Ryguy/Desktop/PavlovProjects/CustomGuns/Content/CustomMaps/SVR_Ryguy_HaloWeapons/1911/Magazine_1911.uasset" 212
"../../../../../../Users/Ryguy/Desktop/PavlovProjects/CustomGuns/Content/Hands/hand1_Anim_SK_Hand_NT_ao_hand_wpn_57_hand_TwoHand.uasset" 213
"../../../../../../Users/Ryguy/Desktop/PavlovProjects/CustomGuns/Content/Hands/hand1_Anim_SK_Hand_NT_ao_hand_wpn_57_hand_Weapon.uasset" 214
"../../../../../../Users/Ryguy/Desktop/PavlovProjects/CustomGuns/Content/CustomMaps/SVR_Ryguy_HaloWeapons/consoleMaster.uasset" 215
"../../../../../../Users/Ryguy/Desktop/PavlovProjects/CustomGuns/Content/Guns/57/Gun_57.uasset" 216
"../../../../../../Users/Ryguy/Desktop/PavlovProjects/CustomGuns/Content/Hands/hand1.uasset" 217
"../../../../../../Users/Ryguy/Desktop/PavlovProjects/CustomGuns/Content/CustomMaps/SVR_Ryguy_HaloWeapons/CustomGun/Base/Gun_Base_Pistol_Modded.uasset" 218
"../../../../../../Users/Ryguy/Desktop/PavlovProjects/CustomGuns/Content/CustomMaps/SVR_Ryguy_HaloWeapons/1911/Gun_o1911.uasset" 219
"../../../../../../Users/Ryguy/Desktop/PavlovProjects/CustomGuns/Content/Hands/hand1_Anim_SK_Hand_NT_ao_hand_wpn_m4_hand_TwoHand.uasset" 220
"../../../../../../Users/Ryguy/Desktop/PavlovProjects/CustomGuns/Content/CustomMaps/SVR_Ryguy_HaloWeapons/CustomGun/Tutorial/HaloAssaultRife_Skeleton.uasset" 221
"../../../../../../Users/Ryguy/Desktop/PavlovProjects/CustomGuns/Content/CustomMaps/SVR_Ryguy_HaloWeapons/CustomGun/Base/AnimBPs/Rifle_AnimBP.uasset" 222
"../../../../../../Users/Ryguy/Desktop/PavlovProjects/CustomGuns/Content/Hands/hand1_Anim_SK_Hand_NT_ao_hand_wpn_ak47_hand_TwoHand.uasset" 223
"../../../../../../Users/Ryguy/Desktop/PavlovProjects/CustomGuns/Content/Hands/hand1_Anim_SK_Hand_NT_ao_hand_wpn_ak47_hand_Weapon.uasset" 224
"../../../../../../Users/Ryguy/Desktop/PavlovProjects/CustomGuns/Content/Guns/Shell.uasset" 225
"../../../../../../Users/Ryguy/Desktop/PavlovProjects/CustomGuns/Content/Guns/Shell_Base.uasset" 226
"../../../../../../Users/Ryguy/Desktop/PavlovProjects/CustomGuns/Content/Guns/AK/Shell_AK12.uasset" 227
"../../../../../../Users/Ryguy/Desktop/PavlovProjects/CustomGuns/Content/CustomMaps/SVR_Ryguy_HaloWeapons/MA40/fire1.uasset" 228
"../../../../../../Users/Ryguy/Desktop/PavlovProjects/CustomGuns/Content/CustomMaps/SVR_Ryguy_HaloWeapons/MA40/Firecue.uasset" 229
"../../../../../../Users/Ryguy/Desktop/PavlovProjects/CustomGuns/Content/Guns/AK/Gun_AK12.uasset" 230
"../../../../../../Users/Ryguy/Desktop/PavlovProjects/CustomGuns/Content/CustomMaps/SVR_Ryguy_HaloWeapons/CustomGun/Base/Gun_Base_Rife_Moded.uasset" 231
"../../../../../../Users/Ryguy/Desktop/PavlovProjects/CustomGuns/Content/CustomMaps/SVR_Ryguy_HaloWeapons/BR73/Magazine_albedo.uasset" 232
"../../../../../../Users/Ryguy/Desktop/PavlovProjects/CustomGuns/Content/CustomMaps/SVR_Ryguy_HaloWeapons/BR73/magShack.uasset" 233
"../../../../../../Users/Ryguy/Desktop/PavlovProjects/CustomGuns/Content/CustomMaps/SVR_Ryguy_HaloWeapons/BR73/mag.uasset" 234
"../../../../../../Users/Ryguy/Desktop/PavlovProjects/CustomGuns/Content/CustomMaps/SVR_Ryguy_HaloWeapons/BR73/Magazine_br73.uasset" 235
"../../../../../../Users/Ryguy/Desktop/PavlovProjects/CustomGuns/Content/CustomMaps/SVR_Ryguy_HaloWeapons/BR73/Gun_br73.uasset" 236
"../../../../../../Users/Ryguy/Desktop/PavlovProjects/CustomGuns/Content/CustomMaps/SVR_Ryguy_HaloWeapons/g36c/g36c_Skeleton.uasset" 237
"../../../../../../Users/Ryguy/Desktop/PavlovProjects/CustomGuns/Content/CustomMaps/SVR_Ryguy_HaloWeapons/g36c/g36canim.uasset" 238
"../../../../../../Users/Ryguy/Desktop/PavlovProjects/CustomGuns/Content/CustomMaps/SVR_Ryguy_HaloWeapons/g36c/Bullet_g36c.uasset" 239
"../../../../../../Users/Ryguy/Desktop/PavlovProjects/CustomGuns/Plugins/CustomMapTools/Content/Materials/Shack/M_Shack_PlainColor.uasset" 240
"../../../../../../Users/Ryguy/Desktop/PavlovProjects/CustomGuns/Content/CustomMaps/SVR_Ryguy_HaloWeapons/g36c/shackblack.uasset" 241
"../../../../../../Users/Ryguy/Desktop/PavlovProjects/CustomGuns/Content/CustomMaps/SVR_Ryguy_HaloWeapons/g36c/g36cmag.uasset" 242
"../../../../../../Users/Ryguy/Desktop/PavlovProjects/CustomGuns/Content/CustomMaps/SVR_Ryguy_HaloWeapons/g36c/Magazine_g36c.uasset" 243
"../../../../../../Users/Ryguy/Desktop/PavlovProjects/CustomGuns/Content/CustomMaps/SVR_Ryguy_HaloWeapons/g36c/shackgrey.uasset" 244
"../../../../../../Users/Ryguy/Desktop/PavlovProjects/CustomGuns/Content/CustomMaps/SVR_Ryguy_HaloWeapons/g36c/shackso.uasset" 245
"../../../../../../Users/Ryguy/Desktop/PavlovProjects/CustomGuns/Content/CustomMaps/SVR_Ryguy_HaloWeapons/g36c/shackwhite.uasset" 246
"../../../../../../Users/Ryguy/Desktop/PavlovProjects/CustomGuns/Content/CustomMaps/SVR_Ryguy_HaloWeapons/g36c/coloredg36c.uasset" 247
"../../../../../../Users/Ryguy/Desktop/PavlovProjects/CustomGuns/Content/CustomMaps/SVR_Ryguy_HaloWeapons/g36c/Gun_G36c.uasset" 248
"../../../../../../Users/Ryguy/Desktop/PavlovProjects/CustomGuns/Content/Hands/hand1_Anim_SK_Hand_NT_ao_hand_wpn_shotgun_hand_TwoHand.uasset" 249
"../../../../../../Users/Ryguy/Desktop/PavlovProjects/CustomGuns/Content/Hands/hand1_Anim_SK_Hand_NT_ao_hand_wpn_shotgun_hand_Weapon.uasset" 250
"../../../../../../Users/Ryguy/Desktop/PavlovProjects/CustomGuns/Plugins/CustomMapTools/Content/Blueprints/BPFL_PavlovTemplate.uasset" 251
"../../../../../../Users/Ryguy/Desktop/PavlovProjects/CustomGuns/Content/Guns/Shotgun/Gun_Shotgun.uasset" 252
"../../../../../../Users/Ryguy/Desktop/PavlovProjects/CustomGuns/Content/CustomMaps/SVR_Ryguy_HaloWeapons/CustomGun/Base/Gun_Pump_Base.uasset" 253
"../../../../../../Users/Ryguy/Desktop/PavlovProjects/CustomGuns/Content/CustomMaps/SVR_Ryguy_HaloWeapons/m45/m45_Skeleton.uasset" 254
"../../../../../../Users/Ryguy/Desktop/PavlovProjects/CustomGuns/Content/CustomMaps/SVR_Ryguy_HaloWeapons/m45/m45anim.uasset" 255
"../../../../../../Users/Ryguy/Desktop/PavlovProjects/CustomGuns/Content/CustomMaps/SVR_Ryguy_HaloWeapons/m45/Shotgun_Shell_Shotgun_Shell_AlbedoTranspar.uasset" 256
"../../../../../../Users/Ryguy/Desktop/PavlovProjects/CustomGuns/Content/CustomMaps/SVR_Ryguy_HaloWeapons/m45/shellShack.uasset" 257
"../../../../../../Users/Ryguy/Desktop/PavlovProjects/CustomGuns/Content/CustomMaps/SVR_Ryguy_HaloWeapons/m45/shell.uasset" 258
"../../../../../../Users/Ryguy/Desktop/PavlovProjects/CustomGuns/Content/CustomMaps/SVR_Ryguy_HaloWeapons/m45/Magazine_m45.uasset" 259
"../../../../../../Users/Ryguy/Desktop/PavlovProjects/CustomGuns/Content/CustomMaps/SVR_Ryguy_HaloWeapons/m45/BarePumpHand.uasset" 260
"../../../../../../Users/Ryguy/Desktop/PavlovProjects/CustomGuns/Content/CustomMaps/SVR_Ryguy_HaloWeapons/m45/fly_shotgun_pump_back.uasset" 261
"../../../../../../Users/Ryguy/Desktop/PavlovProjects/CustomGuns/Content/CustomMaps/SVR_Ryguy_HaloWeapons/m45/fly_shotgun_pump_forward.uasset" 262
"../../../../../../Users/Ryguy/Desktop/PavlovProjects/CustomGuns/Content/CustomMaps/SVR_Ryguy_HaloWeapons/m45/initialShadingGroup_albedo.uasset" 263
"../../../../../../Users/Ryguy/Desktop/PavlovProjects/CustomGuns/Content/CustomMaps/SVR_Ryguy_HaloWeapons/m45/m45Shack.uasset" 264
"../../../../../../Users/Ryguy/Desktop/PavlovProjects/CustomGuns/Content/CustomMaps/SVR_Ryguy_HaloWeapons/m45/m45_PhysicsAsset.uasset" 265
"../../../../../../Users/Ryguy/Desktop/PavlovProjects/CustomGuns/Content/CustomMaps/SVR_Ryguy_HaloWeapons/m45/m45.uasset" 266
"../../../../../../Users/Ryguy/Desktop/PavlovProjects/CustomGuns/Content/CustomMaps/SVR_Ryguy_HaloWeapons/m45/shotgun1.uasset" 267
"../../../../../../Users/Ryguy/Desktop/PavlovProjects/CustomGuns/Content/CustomMaps/SVR_Ryguy_HaloWeapons/m45/m45fire1.uasset" 268
"../../../../../../Users/Ryguy/Desktop/PavlovProjects/CustomGuns/Content/CustomMaps/SVR_Ryguy_HaloWeapons/m45/Gun_m452.uasset" 269
"../../../../../../Users/Ryguy/Desktop/PavlovProjects/CustomGuns/Content/CustomMaps/SVR_Ryguy_HaloWeapons/MA40/nomag_Skeleton.uasset" 270
"../../../../../../Users/Ryguy/Desktop/PavlovProjects/CustomGuns/Content/CustomMaps/SVR_Ryguy_HaloWeapons/MA40/recipricate.uasset" 271
"../../../../../../Users/Ryguy/Desktop/PavlovProjects/CustomGuns/Content/Hands/hand1_Anim_SK_Hand_NT_ao_hand_wpn_awp_hand_Weapon.uasset" 272
"../../../../../../Users/Ryguy/Desktop/PavlovProjects/CustomGuns/Content/CustomMaps/SVR_Ryguy_HaloWeapons/MA40/Magazine_albedo.uasset" 273
"../../../../../../Users/Ryguy/Desktop/PavlovProjects/CustomGuns/Content/CustomMaps/SVR_Ryguy_HaloWeapons/MA40/magShack.uasset" 274
"../../../../../../Users/Ryguy/Desktop/PavlovProjects/CustomGuns/Content/CustomMaps/SVR_Ryguy_HaloWeapons/MA40/ma40mag.uasset" 275
"../../../../../../Users/Ryguy/Desktop/PavlovProjects/CustomGuns/Content/CustomMaps/SVR_Ryguy_HaloWeapons/MA40/Magazine_ma40.uasset" 276
"../../../../../../Users/Ryguy/Desktop/PavlovProjects/CustomGuns/Content/CustomMaps/SVR_Ryguy_HaloWeapons/MA40/AmmoCounter_albedo.uasset" 277
"../../../../../../Users/Ryguy/Desktop/PavlovProjects/CustomGuns/Content/CustomMaps/SVR_Ryguy_HaloWeapons/MA40/ammoShack.uasset" 278
"../../../../../../Users/Ryguy/Desktop/PavlovProjects/CustomGuns/Plugins/CustomMapTools/Content/Materials/Shack/M_Shack_Rough_Emmisive.uasset" 279
"../../../../../../Users/Ryguy/Desktop/PavlovProjects/CustomGuns/Content/CustomMaps/SVR_Ryguy_HaloWeapons/MA40/Display_emissive.uasset" 280
"../../../../../../Users/Ryguy/Desktop/PavlovProjects/CustomGuns/Content/CustomMaps/SVR_Ryguy_HaloWeapons/MA40/displayShack.uasset" 281
"../../../../../../Users/Ryguy/Desktop/PavlovProjects/CustomGuns/Content/CustomMaps/SVR_Ryguy_HaloWeapons/MA40/Front_albedo.uasset" 282
"../../../../../../Users/Ryguy/Desktop/PavlovProjects/CustomGuns/Content/CustomMaps/SVR_Ryguy_HaloWeapons/MA40/frontShack.uasset" 283
"../../../../../../Users/Ryguy/Desktop/PavlovProjects/CustomGuns/Content/CustomMaps/SVR_Ryguy_HaloWeapons/MA40/Rear_albedo.uasset" 284
"../../../../../../Users/Ryguy/Desktop/PavlovProjects/CustomGuns/Content/CustomMaps/SVR_Ryguy_HaloWeapons/MA40/rearShack.uasset" 285
"../../../../../../Users/Ryguy/Desktop/PavlovProjects/CustomGuns/Content/CustomMaps/SVR_Ryguy_HaloWeapons/MA40/Shroud_albedo.uasset" 286
"../../../../../../Users/Ryguy/Desktop/PavlovProjects/CustomGuns/Content/CustomMaps/SVR_Ryguy_HaloWeapons/MA40/shroudShack.uasset" 287
"../../../../../../Users/Ryguy/Desktop/PavlovProjects/CustomGuns/Content/CustomMaps/SVR_Ryguy_HaloWeapons/MA40/nomag_PhysicsAsset.uasset" 288
"../../../../../../Users/Ryguy/Desktop/PavlovProjects/CustomGuns/Content/CustomMaps/SVR_Ryguy_HaloWeapons/MA40/nomag.uasset" 289
"../../../../../../Users/Ryguy/Desktop/PavlovProjects/CustomGuns/Content/CustomMaps/SVR_Ryguy_HaloWeapons/MA40/Gun_ma40.uasset" 290
"../../../../../../Users/Ryguy/Desktop/PavlovProjects/CustomGuns/Content/CustomMaps/SVR_Ryguy_HaloWeapons/Magnum/magnum_Skeleton.uasset" 291
"../../../../../../Users/Ryguy/Desktop/PavlovProjects/CustomGuns/Content/CustomMaps/SVR_Ryguy_HaloWeapons/Magnum/magnumanim.uasset" 292
"../../../../../../Users/Ryguy/Desktop/PavlovProjects/CustomGuns/Content/Hands/hand1_Anim_SK_Hand_NT_ao_hand_wpn_de_hand_TwoHand.uasset" 293
"../../../../../../Users/Ryguy/Desktop/PavlovProjects/CustomGuns/Content/CustomMaps/SVR_Ryguy_HaloWeapons/Magnum/Bullet_magnum.uasset" 294
"../../../../../../Users/Ryguy/Desktop/PavlovProjects/CustomGuns/Content/CustomMaps/SVR_Ryguy_HaloWeapons/Magnum/M6_Texturing_Mag_Stn_BaseColor_tga.uasset" 295
"../../../../../../Users/Ryguy/Desktop/PavlovProjects/CustomGuns/Content/CustomMaps/SVR_Ryguy_HaloWeapons/Magnum/magShack.uasset" 296
"../../../../../../Users/Ryguy/Desktop/PavlovProjects/CustomGuns/Content/CustomMaps/SVR_Ryguy_HaloWeapons/Magnum/mag.uasset" 297
"../../../../../../Users/Ryguy/Desktop/PavlovProjects/CustomGuns/Content/CustomMaps/SVR_Ryguy_HaloWeapons/Magnum/Magazine_magnum.uasset" 298
"../../../../../../Users/Ryguy/Desktop/PavlovProjects/CustomGuns/Content/CustomMaps/SVR_Ryguy_HaloWeapons/Magnum/M6_Texturing_Main_BaseColor_tga.uasset" 299
"../../../../../../Users/Ryguy/Desktop/PavlovProjects/CustomGuns/Content/CustomMaps/SVR_Ryguy_HaloWeapons/Magnum/mainShack.uasset" 300
"../../../../../../Users/Ryguy/Desktop/PavlovProjects/CustomGuns/Content/CustomMaps/SVR_Ryguy_HaloWeapons/Magnum/M6_Texturing_SmartLink_BaseColor.uasset" 301
"../../../../../../Users/Ryguy/Desktop/PavlovProjects/CustomGuns/Content/CustomMaps/SVR_Ryguy_HaloWeapons/Magnum/smartShack.uasset" 302
"../../../../../../Users/Ryguy/Desktop/PavlovProjects/CustomGuns/Content/CustomMaps/SVR_Ryguy_HaloWeapons/Magnum/magnum_PhysicsAsset.uasset" 303
"../../../../../../Users/Ryguy/Desktop/PavlovProjects/CustomGuns/Content/CustomMaps/SVR_Ryguy_HaloWeapons/Magnum/magnum.uasset" 304
"../../../../../../Users/Ryguy/Desktop/PavlovProjects/CustomGuns/Content/CustomMaps/SVR_Ryguy_HaloWeapons/Magnum/Gun_magnum.uasset" 305
"../../../Engine/Content/EngineMeshes/Humanoid.uasset" 306
"../../../../../../Users/Ryguy/Desktop/PavlovProjects/CustomGuns/Plugins/CustomMapTools/Content/Mannequin/Character/Mesh/UE4_Mannequin_Skeleton.uasset" 307
"../../../../../../Users/Ryguy/Desktop/PavlovProjects/CustomGuns/Plugins/CustomMapTools/Content/Mannequin/Character/Mesh/SK_Mannequin.uasset" 308
"../../../../../../Users/Ryguy/Desktop/PavlovProjects/CustomGuns/Plugins/CustomMapTools/Content/Examples/PlayerSkinTable.uasset" 309
"../../../../../../Users/Ryguy/Desktop/PavlovProjects/CustomGuns/Plugins/CustomMapTools/Content/Examples/Items/Flashlight/SM_FlashlightPlaceholder.uasset" 310
"../../../../../../Users/Ryguy/Desktop/PavlovProjects/CustomGuns/Plugins/CustomMapTools/Content/Examples/Items/Flashlight/ModItem_Flashlight.uasset" 311
"../../../../../../Users/Ryguy/Desktop/PavlovProjects/CustomGuns/Content/CustomMaps/SVR_Ryguy_HaloWeapons/CustomItemTableExample.uasset" 312
"../../../../../../Users/Ryguy/Desktop/PavlovProjects/CustomGuns/Content/CustomMaps/SVR_Ryguy_HaloWeapons/CMP_GlobalInfoTest.uasset" 313
"../../../../../../Users/Ryguy/Desktop/PavlovProjects/CustomGuns/Content/CustomMaps/SVR_Ryguy_HaloWeapons/g36c/g36cspawner.uasset" 314
"../../../../../../Users/Ryguy/Desktop/PavlovProjects/CustomGuns/Content/CustomMaps/SVR_Ryguy_HaloWeapons/m45/m452spawner.uasset" 315
"../../../../../../Users/Ryguy/Desktop/PavlovProjects/CustomGuns/Content/CustomMaps/SVR_Ryguy_HaloWeapons/MA40/ma401spawner.uasset" 316
"../../../../../../Users/Ryguy/Desktop/PavlovProjects/CustomGuns/Content/CustomMaps/SVR_Ryguy_HaloWeapons/Magnum/magnumspawner.uasset" 317
"../../../../../../Users/Ryguy/Desktop/PavlovProjects/CustomGuns/Content/CustomMaps/SVR_Ryguy_HaloWeapons/ModExampleMap_BuiltData.uasset" 318
"../../../../../../Users/Ryguy/Desktop/PavlovProjects/CustomGuns/Content/CustomMaps/SVR_Ryguy_HaloWeapons/credits.uasset" 319
"../../../../../../Users/Ryguy/Desktop/PavlovProjects/CustomGuns/Content/CustomMaps/SVR_Ryguy_HaloWeapons/credits_Mat.uasset" 320
"../../../Engine/Content/BasicShapes/Cube.uasset" 321
"../../../Engine/Content/EngineMaterials/DefaultPhysicalMaterial.uasset" 322
"../../../../../../Users/Ryguy/Desktop/PavlovProjects/CustomGuns/Content/CustomMaps/SVR_Ryguy_HaloWeapons/definition.uasset" 323
"../../../../../../Users/Ryguy/Desktop/PavlovProjects/CustomGuns/Content/CustomMaps/SVR_Ryguy_HaloWeapons/ModExampleMap.umap" 324
"../../../Engine/Content/Maps/Entry_BuiltData.uasset" 325
"../../../Engine/Content/Maps/Entry.umap" 326
